<?xml version="1.0" encoding="UTF-8"?>
<!-- Generated by org.testng.reporters.JUnitReportReporter -->
<testsuite name="Selenium.GoogleTest" tests="2" time="28.030" ignored="0" failures="0" timestamp="30 Jan 2017 23:11:30 GMT" skipped="0" hostname="MSEDGEWIN10" errors="0">
  <testcase name="googleSearchTest" time="15.410" classname="Selenium.GoogleTest"/>
  <testcase name="yandexSearchTest" time="12.620" classname="Selenium.GoogleTest"/>
</testsuite> <!-- Selenium.GoogleTest -->
